This is pdfTeX, Version 3.141592653-2.6-1.40.26 (TeX Live 2024) (preloaded format=pdflatex 2024.10.2)  24 OCT 2025 20:33
entering extended mode
 restricted \write18 enabled.
 %&-line parsing enabled.
**Lab_4_tex.tex
(./Lab_4_tex.tex
LaTeX2e <2023-11-01> patch level 1
L3 programming layer <2024-02-20>
(c:/texlive/2024/texmf-dist/tex/latex/base/article.cls
Document Class: article 2023/05/17 v1.4n Standard LaTeX document class
(c:/texlive/2024/texmf-dist/tex/latex/base/size10.clo
File: size10.clo 2023/05/17 v1.4n Standard LaTeX file (size option)
)
\c@part=\count188
\c@section=\count189
\c@subsection=\count190
\c@subsubsection=\count191
\c@paragraph=\count192
\c@subparagraph=\count193
\c@figure=\count194
\c@table=\count195
\abovecaptionskip=\skip48
\belowcaptionskip=\skip49
\bibindent=\dimen140
)
(c:/texlive/2024/texmf-dist/tex/latex/base/fontenc.sty
Package: fontenc 2021/04/29 v2.0v Standard LaTeX package
)
(c:/texlive/2024/texmf-dist/tex/latex/graphics/graphicx.sty
Package: graphicx 2021/09/16 v1.2d Enhanced LaTeX Graphics (DPC,SPQR)

(c:/texlive/2024/texmf-dist/tex/latex/graphics/keyval.sty
Package: keyval 2022/05/29 v1.15 key=value parser (DPC)
\KV@toks@=\toks17
)
(c:/texlive/2024/texmf-dist/tex/latex/graphics/graphics.sty
Package: graphics 2022/03/10 v1.4e Standard LaTeX Graphics (DPC,SPQR)

(c:/texlive/2024/texmf-dist/tex/latex/graphics/trig.sty
Package: trig 2021/08/11 v1.11 sin cos tan (DPC)
)
(c:/texlive/2024/texmf-dist/tex/latex/graphics-cfg/graphics.cfg
File: graphics.cfg 2016/06/04 v1.11 sample graphics configuration
)
Package graphics Info: Driver file: pdftex.def on input line 107.

(c:/texlive/2024/texmf-dist/tex/latex/graphics-def/pdftex.def
File: pdftex.def 2022/09/22 v1.2b Graphics/color driver for pdftex
))
\Gin@req@height=\dimen141
\Gin@req@width=\dimen142
)
(c:/texlive/2024/texmf-dist/tex/latex/lipsum/lipsum.sty
(c:/texlive/2024/texmf-dist/tex/latex/l3packages/l3keys2e/l3keys2e.sty
(c:/texlive/2024/texmf-dist/tex/latex/l3kernel/expl3.sty
Package: expl3 2024-02-20 L3 programming layer (loader) 

(c:/texlive/2024/texmf-dist/tex/latex/l3backend/l3backend-pdftex.def
File: l3backend-pdftex.def 2024-02-20 L3 backend support: PDF output (pdfTeX)
\l__color_backend_stack_int=\count196
\l__pdf_internal_box=\box51
))
Package: l3keys2e 2024-02-18 LaTeX2e option processing using LaTeX3 keys
)
Package: lipsum 2021-09-20 v2.7 150 paragraphs of Lorem Ipsum dummy text
\g__lipsum_par_int=\count197
\l__lipsum_a_int=\count198
\l__lipsum_b_int=\count199

(c:/texlive/2024/texmf-dist/tex/latex/lipsum/lipsum.ltd.tex))
(c:/texlive/2024/texmf-dist/tex/latex/float/float.sty
Package: float 2001/11/08 v1.3d Float enhancements (AL)
\c@float@type=\count266
\float@exts=\toks18
\float@box=\box52
\@float@everytoks=\toks19
\@floatcapt=\box53
)
(c:/texlive/2024/texmf-dist/tex/latex/trivfloat/trivfloat.sty
Package: trivfloat 2009/04/23 v1.4 Quick floats in LaTeX
\c@tfl@float@cnt=\count267
LaTeX Info: Redefining \tfl@uppercase on input line 223.
) (./Lab_4_tex.aux)
\openout1 = `Lab_4_tex.aux'.

LaTeX Font Info:    Checking defaults for OML/cmm/m/it on input line 12.
LaTeX Font Info:    ... okay on input line 12.
LaTeX Font Info:    Checking defaults for OMS/cmsy/m/n on input line 12.
LaTeX Font Info:    ... okay on input line 12.
LaTeX Font Info:    Checking defaults for OT1/cmr/m/n on input line 12.
LaTeX Font Info:    ... okay on input line 12.
LaTeX Font Info:    Checking defaults for T1/cmr/m/n on input line 12.
LaTeX Font Info:    ... okay on input line 12.
LaTeX Font Info:    Checking defaults for TS1/cmr/m/n on input line 12.
LaTeX Font Info:    ... okay on input line 12.
LaTeX Font Info:    Checking defaults for OMX/cmex/m/n on input line 12.
LaTeX Font Info:    ... okay on input line 12.
LaTeX Font Info:    Checking defaults for U/cmr/m/n on input line 12.
LaTeX Font Info:    ... okay on input line 12.
 (c:/texlive/2024/texmf-dist/tex/context/base/mkii/supp-pdf.mkii
[Loading MPS to PDF converter (version 2006.09.02).]
\scratchcounter=\count268
\scratchdimen=\dimen143
\scratchbox=\box54
\nofMPsegments=\count269
\nofMParguments=\count270
\everyMPshowfont=\toks20
\MPscratchCnt=\count271
\MPscratchDim=\dimen144
\MPnumerator=\count272
\makeMPintoPDFobject=\count273
\everyMPtoPDFconversion=\toks21
) (c:/texlive/2024/texmf-dist/tex/latex/epstopdf-pkg/epstopdf-base.sty
Package: epstopdf-base 2020-01-24 v2.11 Base part for package epstopdf
Package epstopdf-base Info: Redefining graphics rule for `.eps' on input line 4
85.

(c:/texlive/2024/texmf-dist/tex/latex/latexconfig/epstopdf-sys.cfg
File: epstopdf-sys.cfg 2010/07/13 v1.3 Configuration of (r)epstopdf for TeX Liv
e
))
\@float@every@image=\toks22
\c@image=\count274
<figs/pic.jpg, id=1, 511.9125pt x 342.27875pt>
File: figs/pic.jpg Graphic file (type jpg)
<use figs/pic.jpg>
Package pdftex.def Info: figs/pic.jpg  used on input line 18.
(pdftex.def)             Requested size: 85.10243pt x 56.9055pt.
File: figs/pic.jpg Graphic file (type jpg)
<use figs/pic.jpg>
Package pdftex.def Info: figs/pic.jpg  used on input line 24.
(pdftex.def)             Requested size: 246.78534pt x 165.00168pt.
File: figs/pic.jpg Graphic file (type jpg)
<use figs/pic.jpg>
Package pdftex.def Info: figs/pic.jpg  used on input line 28.
(pdftex.def)             Requested size: 310.4979pt x 207.60938pt.
File: figs/pic.jpg Graphic file (type jpg)
<use figs/pic.jpg>
Package pdftex.def Info: figs/pic.jpg  used on input line 32.
(pdftex.def)             Requested size: 307.14987pt x 205.36882pt.

Overfull \hbox (13.86148pt too wide) in paragraph at lines 32--33
 [] 
 []

[1

{c:/texlive/2024/texmf-var/fonts/map/pdftex/updmap/pdftex.map}{c:/texlive/2024/
texmf-dist/fonts/enc/dvips/cm-super/cm-super-t1.enc} <./figs/pic.jpg>]
File: figs/pic.jpg Graphic file (type jpg)
<use figs/pic.jpg>
Package pdftex.def Info: figs/pic.jpg  used on input line 37.
(pdftex.def)             Requested size: 411.53625pt x 287.07166pt.

Overfull \hbox (66.53625pt too wide) in paragraph at lines 37--38
 [] 
 []

[2] [3]
File: figs/pic.jpg Graphic file (type jpg)
<use figs/pic.jpg>
Package pdftex.def Info: figs/pic.jpg  used on input line 46.
(pdftex.def)             Requested size: 241.49895pt x 161.47163pt.
 [4] [5]
File: figs/pic.jpg Graphic file (type jpg)
<use figs/pic.jpg>
Package pdftex.def Info: figs/pic.jpg  used on input line 57.
(pdftex.def)             Requested size: 241.49895pt x 161.47163pt.
 [6] [7]
File: figs/pic.jpg Graphic file (type jpg)
<use figs/pic.jpg>
Package pdftex.def Info: figs/pic.jpg  used on input line 66.
(pdftex.def)             Requested size: 172.5pt x 115.33911pt.
 [8]
LaTeX Font Info:    External font `cmex10' loaded for size
(Font)              <7> on input line 79.
LaTeX Font Info:    External font `cmex10' loaded for size
(Font)              <5> on input line 79.
 [9]
File: figs/pic.jpg Graphic file (type jpg)
<use figs/pic.jpg>
Package pdftex.def Info: figs/pic.jpg  used on input line 98.
(pdftex.def)             Requested size: 172.5pt x 115.33911pt.
 [10] [11] (./Lab_4_tex.aux)
 ***********
LaTeX2e <2023-11-01> patch level 1
L3 programming layer <2024-02-20>
 ***********
 ) 
Here is how much of TeX's memory you used:
 2111 strings out of 474115
 35876 string characters out of 5747696
 1935190 words of memory out of 5000000
 24490 multiletter control sequences out of 15000+600000
 561915 words of font info for 41 fonts, out of 8000000 for 9000
 1141 hyphenation exceptions out of 8191
 79i,7n,93p,237b,243s stack positions out of 10000i,1000n,20000p,200000b,200000s
<c:/texlive/2024/texmf-dist/fonts/type1/public/amsfonts/cm/cmmi10.pfb><c:/tex
live/2024/texmf-dist/fonts/type1/public/amsfonts/cm/cmmi7.pfb><c:/texlive/2024/
texmf-dist/fonts/type1/public/amsfonts/cm/cmr10.pfb><c:/texlive/2024/texmf-dist
/fonts/type1/public/cm-super/sfbx1200.pfb><c:/texlive/2024/texmf-dist/fonts/typ
e1/public/cm-super/sfbx1440.pfb><c:/texlive/2024/texmf-dist/fonts/type1/public/
cm-super/sfrm1000.pfb>
Output written on Lab_4_tex.pdf (11 pages, 153104 bytes).
PDF statistics:
 74 PDF objects out of 1000 (max. 8388607)
 46 compressed objects within 1 object stream
 0 named destinations out of 1000 (max. 500000)
 12 words of extra memory for PDF output out of 10000 (max. 10000000)

